2026-06-19T16:09:35.398+05:30  INFO 15524 --- [main] c.w.finGenie.FinGenie2ApplicationTests   : Starting FinGenie2ApplicationTests using Java 21.0.7 with PID 15524 (started by AI20696635 in C:\Users\AI20696635\Documents\workspace-spring-tools-for-eclipse-4.31.0.RELEASE\finGenie2)
2026-06-19T16:09:35.425+05:30  INFO 15524 --- [main] c.w.finGenie.FinGenie2ApplicationTests   : No active profile set, falling back to 1 default profile: "default"
2026-06-19T16:09:36.860+05:30  INFO 15524 --- [main] .s.d.r.c.RepositoryConfigurationDelegate : Bootstrapping Spring Data JPA repositories in DEFAULT mode.
2026-06-19T16:09:37.025+05:30  INFO 15524 --- [main] .s.d.r.c.RepositoryConfigurationDelegate : Finished Spring Data repository scanning in 149 ms. Found 9 JPA repository interfaces.
2026-06-19T16:09:38.070+05:30  INFO 15524 --- [main] o.hibernate.jpa.internal.util.LogHelper  : HHH000204: Processing PersistenceUnitInfo [name: default]
2026-06-19T16:09:38.266+05:30  INFO 15524 --- [main] org.hibernate.Version                    : HHH000412: Hibernate ORM core version 6.5.3.Final
2026-06-19T16:09:38.376+05:30  INFO 15524 --- [main] o.h.c.internal.RegionFactoryInitiator    : HHH000026: Second-level cache disabled
2026-06-19T16:09:39.019+05:30  INFO 15524 --- [main] o.s.o.j.p.SpringPersistenceUnitInfo      : No LoadTimeWeaver setup: ignoring JPA class transformer
2026-06-19T16:09:39.079+05:30  INFO 15524 --- [main] com.zaxxer.hikari.HikariDataSource       : HikariPool-1 - Starting...
2026-06-19T16:09:39.745+05:30  INFO 15524 --- [main] com.zaxxer.hikari.pool.HikariPool        : HikariPool-1 - Added connection com.mysql.cj.jdbc.ConnectionImpl@4e52d2f2
2026-06-19T16:09:39.750+05:30  INFO 15524 --- [main] com.zaxxer.hikari.HikariDataSource       : HikariPool-1 - Start completed.
2026-06-19T16:09:41.462+05:30  INFO 15524 --- [main] o.h.e.t.j.p.i.JtaPlatformInitiator       : HHH000489: No JTA platform available (set 'hibernate.transaction.jta.platform' to enable JTA platform integration)
2026-06-19T16:09:41.672+05:30  INFO 15524 --- [main] j.LocalContainerEntityManagerFactoryBean : Initialized JPA EntityManagerFactory for persistence unit 'default'
2026-06-19T16:09:42.676+05:30  WARN 15524 --- [main] JpaBaseConfiguration$JpaWebConfiguration : spring.jpa.open-in-view is enabled by default. Therefore, database queries may be performed during view rendering. Explicitly configure spring.jpa.open-in-view to disable this warning
2026-06-19T16:09:42.777+05:30  INFO 15524 --- [main] r$InitializeUserDetailsManagerConfigurer : Global AuthenticationManager configured with UserDetailsService bean with name customUserDetailsService
2026-06-19T16:09:44.135+05:30  INFO 15524 --- [main] c.w.finGenie.FinGenie2ApplicationTests   : Started FinGenie2ApplicationTests in 9.116 seconds (process running for 20.005)
2026-06-19T16:09:46.316+05:30  INFO 15524 --- [SpringApplicationShutdownHook] j.LocalContainerEntityManagerFactoryBean : Closing JPA EntityManagerFactory for persistence unit 'default'
2026-06-19T16:09:46.320+05:30  INFO 15524 --- [SpringApplicationShutdownHook] com.zaxxer.hikari.HikariDataSource       : HikariPool-1 - Shutdown initiated...
2026-06-19T16:09:46.330+05:30  INFO 15524 --- [SpringApplicationShutdownHook] com.zaxxer.hikari.HikariDataSource       : HikariPool-1 - Shutdown completed.
2026-06-19T16:10:17.878+05:30  INFO 29508 --- [main] c.w.finGenie.FinGenie2ApplicationTests   : Starting FinGenie2ApplicationTests using Java 21.0.7 with PID 29508 (started by AI20696635 in C:\Users\AI20696635\Documents\workspace-spring-tools-for-eclipse-4.31.0.RELEASE\finGenie2)
2026-06-19T16:10:17.881+05:30  INFO 29508 --- [main] c.w.finGenie.FinGenie2ApplicationTests   : No active profile set, falling back to 1 default profile: "default"
2026-06-19T16:10:19.558+05:30  INFO 29508 --- [main] .s.d.r.c.RepositoryConfigurationDelegate : Bootstrapping Spring Data JPA repositories in DEFAULT mode.
2026-06-19T16:10:19.718+05:30  INFO 29508 --- [main] .s.d.r.c.RepositoryConfigurationDelegate : Finished Spring Data repository scanning in 133 ms. Found 9 JPA repository interfaces.
2026-06-19T16:10:20.969+05:30  INFO 29508 --- [main] o.hibernate.jpa.internal.util.LogHelper  : HHH000204: Processing PersistenceUnitInfo [name: default]
2026-06-19T16:10:21.206+05:30  INFO 29508 --- [main] org.hibernate.Version                    : HHH000412: Hibernate ORM core version 6.5.3.Final
2026-06-19T16:10:21.347+05:30  INFO 29508 --- [main] o.h.c.internal.RegionFactoryInitiator    : HHH000026: Second-level cache disabled
2026-06-19T16:10:22.355+05:30  INFO 29508 --- [main] o.s.o.j.p.SpringPersistenceUnitInfo      : No LoadTimeWeaver setup: ignoring JPA class transformer
2026-06-19T16:10:22.439+05:30  INFO 29508 --- [main] com.zaxxer.hikari.HikariDataSource       : HikariPool-1 - Starting...
2026-06-19T16:10:23.024+05:30  INFO 29508 --- [main] com.zaxxer.hikari.pool.HikariPool        : HikariPool-1 - Added connection com.mysql.cj.jdbc.ConnectionImpl@27ec0d06
2026-06-19T16:10:23.033+05:30  INFO 29508 --- [main] com.zaxxer.hikari.HikariDataSource       : HikariPool-1 - Start completed.
2026-06-19T16:10:25.624+05:30  INFO 29508 --- [main] o.h.e.t.j.p.i.JtaPlatformInitiator       : HHH000489: No JTA platform available (set 'hibernate.transaction.jta.platform' to enable JTA platform integration)
2026-06-19T16:10:25.830+05:30  INFO 29508 --- [main] j.LocalContainerEntityManagerFactoryBean : Initialized JPA EntityManagerFactory for persistence unit 'default'
2026-06-19T16:10:27.209+05:30  WARN 29508 --- [main] JpaBaseConfiguration$JpaWebConfiguration : spring.jpa.open-in-view is enabled by default. Therefore, database queries may be performed during view rendering. Explicitly configure spring.jpa.open-in-view to disable this warning
2026-06-19T16:10:27.374+05:30  INFO 29508 --- [main] r$InitializeUserDetailsManagerConfigurer : Global AuthenticationManager configured with UserDetailsService bean with name customUserDetailsService
2026-06-19T16:10:29.524+05:30  INFO 29508 --- [main] c.w.finGenie.FinGenie2ApplicationTests   : Started FinGenie2ApplicationTests in 12.098 seconds (process running for 16.872)
2026-06-19T16:10:31.430+05:30  INFO 29508 --- [SpringApplicationShutdownHook] j.LocalContainerEntityManagerFactoryBean : Closing JPA EntityManagerFactory for persistence unit 'default'
2026-06-19T16:10:31.432+05:30  INFO 29508 --- [SpringApplicationShutdownHook] com.zaxxer.hikari.HikariDataSource       : HikariPool-1 - Shutdown initiated...
2026-06-19T16:10:31.445+05:30  INFO 29508 --- [SpringApplicationShutdownHook] com.zaxxer.hikari.HikariDataSource       : HikariPool-1 - Shutdown completed.
2026-06-19T16:12:17.928+05:30  INFO 30396 --- [main] c.w.finGenie.FinGenie2ApplicationTests   : Starting FinGenie2ApplicationTests using Java 21.0.7 with PID 30396 (started by AI20696635 in C:\Users\AI20696635\Documents\workspace-spring-tools-for-eclipse-4.31.0.RELEASE\finGenie2)
2026-06-19T16:12:17.932+05:30  INFO 30396 --- [main] c.w.finGenie.FinGenie2ApplicationTests   : No active profile set, falling back to 1 default profile: "default"
2026-06-19T16:12:19.263+05:30  INFO 30396 --- [main] .s.d.r.c.RepositoryConfigurationDelegate : Bootstrapping Spring Data JPA repositories in DEFAULT mode.
2026-06-19T16:12:19.406+05:30  INFO 30396 --- [main] .s.d.r.c.RepositoryConfigurationDelegate : Finished Spring Data repository scanning in 130 ms. Found 9 JPA repository interfaces.
2026-06-19T16:12:20.256+05:30  INFO 30396 --- [main] o.hibernate.jpa.internal.util.LogHelper  : HHH000204: Processing PersistenceUnitInfo [name: default]
2026-06-19T16:12:20.427+05:30  INFO 30396 --- [main] org.hibernate.Version                    : HHH000412: Hibernate ORM core version 6.5.3.Final
2026-06-19T16:12:20.509+05:30  INFO 30396 --- [main] o.h.c.internal.RegionFactoryInitiator    : HHH000026: Second-level cache disabled
2026-06-19T16:12:21.245+05:30  INFO 30396 --- [main] o.s.o.j.p.SpringPersistenceUnitInfo      : No LoadTimeWeaver setup: ignoring JPA class transformer
2026-06-19T16:12:21.314+05:30  INFO 30396 --- [main] com.zaxxer.hikari.HikariDataSource       : HikariPool-1 - Starting...
2026-06-19T16:12:21.789+05:30  INFO 30396 --- [main] com.zaxxer.hikari.pool.HikariPool        : HikariPool-1 - Added connection com.mysql.cj.jdbc.ConnectionImpl@4cc4d454
2026-06-19T16:12:21.797+05:30  INFO 30396 --- [main] com.zaxxer.hikari.HikariDataSource       : HikariPool-1 - Start completed.
2026-06-19T16:12:23.820+05:30  INFO 30396 --- [main] o.h.e.t.j.p.i.JtaPlatformInitiator       : HHH000489: No JTA platform available (set 'hibernate.transaction.jta.platform' to enable JTA platform integration)
2026-06-19T16:12:23.963+05:30  INFO 30396 --- [main] j.LocalContainerEntityManagerFactoryBean : Initialized JPA EntityManagerFactory for persistence unit 'default'
2026-06-19T16:12:25.228+05:30  WARN 30396 --- [main] JpaBaseConfiguration$JpaWebConfiguration : spring.jpa.open-in-view is enabled by default. Therefore, database queries may be performed during view rendering. Explicitly configure spring.jpa.open-in-view to disable this warning
2026-06-19T16:12:25.310+05:30  INFO 30396 --- [main] r$InitializeUserDetailsManagerConfigurer : Global AuthenticationManager configured with UserDetailsService bean with name customUserDetailsService
2026-06-19T16:12:26.696+05:30  INFO 30396 --- [main] c.w.finGenie.FinGenie2ApplicationTests   : Started FinGenie2ApplicationTests in 9.192 seconds (process running for 10.592)
2026-06-19T16:12:27.778+05:30  INFO 30396 --- [SpringApplicationShutdownHook] j.LocalContainerEntityManagerFactoryBean : Closing JPA EntityManagerFactory for persistence unit 'default'
2026-06-19T16:12:27.783+05:30  INFO 30396 --- [SpringApplicationShutdownHook] com.zaxxer.hikari.HikariDataSource       : HikariPool-1 - Shutdown initiated...
2026-06-19T16:12:27.794+05:30  INFO 30396 --- [SpringApplicationShutdownHook] com.zaxxer.hikari.HikariDataSource       : HikariPool-1 - Shutdown completed.
